Arguments: 
  /usr/bin/nodejs /home/etud/leperrot/edu-project-template-2018/node_modules/.bin/yarn install

PATH: 
  /usr/local/bin:/usr/bin:/bin:/usr/bin/X11:/usr/local/java/bin:/usr/share/php/bin:/usr/local/grails/bin:/home/etud/leperrot/php/phpunit

Yarn version: 
  1.3.2

Node version: 
  6.10.3

Platform: 
  linux x64

npm manifest: 
  {
    "name": "project",
    "scripts": {
      "start": "NODE_ENV=production node server.js",
      "startDev": "NODE_ENV=dev node server.js",
      "build": "NODE_ENV=production node_modules/.bin/webpack",
      "watch": "NODE_ENV=dev node_modules/.bin/webpack --watch",
      "testServer": "node tests/test_server.js"
    },
    "devDependencies": {
      "babel-core": "^6.26.0",
      "babel-loader": "^7.1.2",
      "babel-plugin-transform-runtime": "^6.15.0",
      "babel-polyfill": "^6.20.0",
      "babel-preset-env": "^1.6.1",
      "babel-preset-es2015": "^6.18.0",
      "babel-preset-react": "^6.16.0",
      "babel-preset-stage-0": "^6.16.0",
      "chokidar": "^1.6.1",
      "frisby": "^0.8.5",
      "html-webpack-plugin": "^2.26.0",
      "jasmine-node": "^1.14.5",
      "react": "^15.4.2",
      "react-dom": "^15.4.2",
      "react-hot-loader": "^3.0.0-beta.1",
      "react-loader": "^2.4.0",
      "react-redux": "^5.0.1",
      "react-router": "^4.2.0",
      "react-router-dom": "^4.2.2",
      "react-router-redux": "^4.0.7",
      "redux": "^3.6.0",
      "redux-thunk": "^2.1.0",
      "webpack": "^3.10.0",
      "webpack-dev-server": "2.10.0",
      "webpack-merge": "^2.3.1"
    },
    "dependencies": {
      "body-parser": "^1.15.2",
      "express": "^4.14.0",
      "node-find-files": "0.0.4",
      "node-uuid": "^1.4.7"
    }
  }

yarn manifest: 
  No manifest

Lockfile: 
  No lockfile

Trace: 
  Error: ENOENT: no such file or directory, open '/home/.yarnrc'
      at Error (native)
